{"/app/chama-bot/src/services/chamaService.js": {"path":"/app/chama-bot/src/services/chamaService.js","statementMap":{"0":{"start":{"line":1,"column":11},"end":{"line":1,"column":34}},"1":{"start":{"line":9,"column":17},"end":{"line":9,"column":40}},"2":{"start":{"line":10,"column":2},"end":{"line":65,"column":3}},"3":{"start":{"line":11,"column":4},"end":{"line":11,"column":32}},"4":{"start":{"line":14,"column":23},"end":{"line":17,"column":5}},"5":{"start":{"line":19,"column":24},"end":{"line":19,"column":125}},"6":{"start":{"line":20,"column":21},"end":{"line":20,"column":40}},"7":{"start":{"line":22,"column":4},"end":{"line":24,"column":5}},"8":{"start":{"line":23,"column":6},"end":{"line":23,"column":48}},"9":{"start":{"line":27,"column":4},"end":{"line":40,"column":5}},"10":{"start":{"line":28,"column":35},"end":{"line":35,"column":8}},"11":{"start":{"line":29,"column":28},"end":{"line":32,"column":9}},"12":{"start":{"line":34,"column":8},"end":{"line":34,"column":80}},"13":{"start":{"line":36,"column":28},"end":{"line":36,"column":67}},"14":{"start":{"line":37,"column":6},"end":{"line":37,"column":63}},"15":{"start":{"line":37,"column":50},"end":{"line":37,"column":61}},"16":{"start":{"line":39,"column":6},"end":{"line":39,"column":28}},"17":{"start":{"line":43,"column":4},"end":{"line":52,"column":5}},"18":{"start":{"line":44,"column":37},"end":{"line":50,"column":10}},"19":{"start":{"line":45,"column":38},"end":{"line":48,"column":13}},"20":{"start":{"line":49,"column":12},"end":{"line":49,"column":120}},"21":{"start":{"line":51,"column":8},"end":{"line":51,"column":48}},"22":{"start":{"line":55,"column":4},"end":{"line":55,"column":33}},"23":{"start":{"line":56,"column":4},"end":{"line":56,"column":92}},"24":{"start":{"line":57,"column":4},"end":{"line":57,"column":20}},"25":{"start":{"line":60,"column":4},"end":{"line":60,"column":35}},"26":{"start":{"line":61,"column":4},"end":{"line":61,"column":65}},"27":{"start":{"line":62,"column":4},"end":{"line":62,"column":16}},"28":{"start":{"line":64,"column":4},"end":{"line":64,"column":21}},"29":{"start":{"line":74,"column":20},"end":{"line":76,"column":3}},"30":{"start":{"line":77,"column":2},"end":{"line":90,"column":3}},"31":{"start":{"line":78,"column":19},"end":{"line":78,"column":68}},"32":{"start":{"line":79,"column":4},"end":{"line":85,"column":5}},"33":{"start":{"line":80,"column":20},"end":{"line":80,"column":34}},"34":{"start":{"line":83,"column":6},"end":{"line":83,"column":106}},"35":{"start":{"line":84,"column":6},"end":{"line":84,"column":19}},"36":{"start":{"line":86,"column":4},"end":{"line":86,"column":16}},"37":{"start":{"line":88,"column":4},"end":{"line":88,"column":101}},"38":{"start":{"line":89,"column":4},"end":{"line":89,"column":16}},"39":{"start":{"line":99,"column":22},"end":{"line":104,"column":5}},"40":{"start":{"line":105,"column":4},"end":{"line":115,"column":5}},"41":{"start":{"line":106,"column":23},"end":{"line":106,"column":69}},"42":{"start":{"line":107,"column":8},"end":{"line":110,"column":9}},"43":{"start":{"line":108,"column":12},"end":{"line":108,"column":118}},"44":{"start":{"line":109,"column":12},"end":{"line":109,"column":34}},"45":{"start":{"line":111,"column":8},"end":{"line":111,"column":20}},"46":{"start":{"line":113,"column":8},"end":{"line":113,"column":100}},"47":{"start":{"line":114,"column":8},"end":{"line":114,"column":20}},"48":{"start":{"line":125,"column":23},"end":{"line":125,"column":65}},"49":{"start":{"line":126,"column":25},"end":{"line":141,"column":5}},"50":{"start":{"line":143,"column":4},"end":{"line":161,"column":5}},"51":{"start":{"line":144,"column":28},"end":{"line":144,"column":65}},"52":{"start":{"line":145,"column":8},"end":{"line":145,"column":55}},"53":{"start":{"line":145,"column":43},"end":{"line":145,"column":55}},"54":{"start":{"line":146,"column":22},"end":{"line":146,"column":41}},"55":{"start":{"line":148,"column":30},"end":{"line":148,"column":69}},"56":{"start":{"line":149,"column":8},"end":{"line":149,"column":43}},"57":{"start":{"line":152,"column":29},"end":{"line":152,"column":97}},"58":{"start":{"line":153,"column":30},"end":{"line":153,"column":69}},"59":{"start":{"line":154,"column":8},"end":{"line":154,"column":76}},"60":{"start":{"line":156,"column":8},"end":{"line":156,"column":127}},"61":{"start":{"line":157,"column":8},"end":{"line":157,"column":21}},"62":{"start":{"line":159,"column":8},"end":{"line":159,"column":92}},"63":{"start":{"line":160,"column":8},"end":{"line":160,"column":20}},"64":{"start":{"line":172,"column":0},"end":{"line":177,"column":2}}},"fnMap":{"0":{"name":"createChama","decl":{"start":{"line":8,"column":15},"end":{"line":8,"column":26}},"loc":{"start":{"line":8,"column":109},"end":{"line":66,"column":1}},"line":8},"1":{"name":"(anonymous_1)","decl":{"start":{"line":28,"column":47},"end":{"line":28,"column":48}},"loc":{"start":{"line":28,"column":68},"end":{"line":35,"column":7}},"line":28},"2":{"name":"(anonymous_2)","decl":{"start":{"line":37,"column":43},"end":{"line":37,"column":44}},"loc":{"start":{"line":37,"column":50},"end":{"line":37,"column":61}},"line":37},"3":{"name":"(anonymous_3)","decl":{"start":{"line":44,"column":58},"end":{"line":44,"column":59}},"loc":{"start":{"line":44,"column":68},"end":{"line":50,"column":9}},"line":44},"4":{"name":"findChamaByTreasurer","decl":{"start":{"line":73,"column":15},"end":{"line":73,"column":35}},"loc":{"start":{"line":73,"column":58},"end":{"line":91,"column":1}},"line":73},"5":{"name":"findChamaByMemberPhone","decl":{"start":{"line":98,"column":15},"end":{"line":98,"column":37}},"loc":{"start":{"line":98,"column":57},"end":{"line":116,"column":1}},"line":98},"6":{"name":"getChamaWithMemberPaymentStatus","decl":{"start":{"line":124,"column":15},"end":{"line":124,"column":46}},"loc":{"start":{"line":124,"column":56},"end":{"line":162,"column":1}},"line":124}},"branchMap":{"0":{"loc":{"start":{"line":22,"column":4},"end":{"line":24,"column":5}},"type":"if","locations":[{"start":{"line":22,"column":4},"end":{"line":24,"column":5}},{"start":{},"end":{}}],"line":22},"1":{"loc":{"start":{"line":27,"column":4},"end":{"line":40,"column":5}},"type":"if","locations":[{"start":{"line":27,"column":4},"end":{"line":40,"column":5}},{"start":{"line":38,"column":11},"end":{"line":40,"column":5}}],"line":27},"2":{"loc":{"start":{"line":27,"column":8},"end":{"line":27,"column":37}},"type":"binary-expr","locations":[{"start":{"line":27,"column":8},"end":{"line":27,"column":15}},{"start":{"line":27,"column":19},"end":{"line":27,"column":37}}],"line":27},"3":{"loc":{"start":{"line":43,"column":4},"end":{"line":52,"column":5}},"type":"if","locations":[{"start":{"line":43,"column":4},"end":{"line":52,"column":5}},{"start":{},"end":{}}],"line":43},"4":{"loc":{"start":{"line":79,"column":4},"end":{"line":85,"column":5}},"type":"if","locations":[{"start":{"line":79,"column":4},"end":{"line":85,"column":5}},{"start":{},"end":{}}],"line":79},"5":{"loc":{"start":{"line":107,"column":8},"end":{"line":110,"column":9}},"type":"if","locations":[{"start":{"line":107,"column":8},"end":{"line":110,"column":9}},{"start":{},"end":{}}],"line":107},"6":{"loc":{"start":{"line":145,"column":8},"end":{"line":145,"column":55}},"type":"if","locations":[{"start":{"line":145,"column":8},"end":{"line":145,"column":55}},{"start":{},"end":{}}],"line":145},"7":{"loc":{"start":{"line":154,"column":31},"end":{"line":154,"column":75}},"type":"binary-expr","locations":[{"start":{"line":154,"column":31},"end":{"line":154,"column":70}},{"start":{"line":154,"column":74},"end":{"line":154,"column":75}}],"line":154}},"s":{"0":1,"1":2,"2":2,"3":2,"4":2,"5":2,"6":2,"7":2,"8":0,"9":2,"10":2,"11":3,"12":3,"13":2,"14":1,"15":2,"16":0,"17":1,"18":1,"19":2,"20":2,"21":1,"22":1,"23":1,"24":1,"25":1,"26":1,"27":1,"28":2,"29":2,"30":2,"31":2,"32":2,"33":1,"34":1,"35":1,"36":1,"37":0,"38":0,"39":0,"40":0,"41":0,"42":0,"43":0,"44":0,"45":0,"46":0,"47":0,"48":2,"49":2,"50":2,"51":2,"52":2,"53":1,"54":1,"55":1,"56":1,"57":1,"58":1,"59":1,"60":1,"61":1,"62":0,"63":0,"64":1},"f":{"0":2,"1":3,"2":2,"3":2,"4":2,"5":0,"6":2},"b":{"0":[0,2],"1":[2,0],"2":[2,2],"3":[1,0],"4":[1,1],"5":[0,0],"6":[1,1],"7":[1,0]},"_coverageSchema":"1a1c01bbd47fc00a2c39e90264f33305004495a9","hash":"dce6bfc55b828532965355972e985f3ff5b12ba8"}
,"/app/chama-bot/src/services/mpesaService.js": {"path":"/app/chama-bot/src/services/mpesaService.js","statementMap":{"0":{"start":{"line":17,"column":2},"end":{"line":17,"column":66}},"1":{"start":{"line":25,"column":19},"end":{"line":32,"column":3}},"2":{"start":{"line":34,"column":28},"end":{"line":34,"column":30}},"3":{"start":{"line":35,"column":2},"end":{"line":41,"column":3}},"4":{"start":{"line":35,"column":15},"end":{"line":35,"column":16}},"5":{"start":{"line":36,"column":4},"end":{"line":36,"column":39}},"6":{"start":{"line":37,"column":4},"end":{"line":40,"column":5}},"7":{"start":{"line":38,"column":6},"end":{"line":38,"column":30}},"8":{"start":{"line":39,"column":6},"end":{"line":39,"column":12}},"9":{"start":{"line":43,"column":2},"end":{"line":92,"column":3}},"10":{"start":{"line":44,"column":19},"end":{"line":44,"column":57}},"11":{"start":{"line":45,"column":45},"end":{"line":45,"column":61}},"12":{"start":{"line":45,"column":83},"end":{"line":45,"column":87}},"13":{"start":{"line":48,"column":4},"end":{"line":67,"column":5}},"14":{"start":{"line":50,"column":8},"end":{"line":50,"column":67}},"15":{"start":{"line":51,"column":8},"end":{"line":51,"column":62}},"16":{"start":{"line":52,"column":8},"end":{"line":52,"column":27}},"17":{"start":{"line":53,"column":8},"end":{"line":53,"column":33}},"18":{"start":{"line":54,"column":8},"end":{"line":54,"column":14}},"19":{"start":{"line":56,"column":8},"end":{"line":56,"column":67}},"20":{"start":{"line":57,"column":8},"end":{"line":57,"column":27}},"21":{"start":{"line":58,"column":8},"end":{"line":58,"column":33}},"22":{"start":{"line":59,"column":8},"end":{"line":59,"column":14}},"23":{"start":{"line":61,"column":8},"end":{"line":61,"column":27}},"24":{"start":{"line":62,"column":8},"end":{"line":62,"column":33}},"25":{"start":{"line":63,"column":8},"end":{"line":63,"column":14}},"26":{"start":{"line":65,"column":8},"end":{"line":65,"column":82}},"27":{"start":{"line":66,"column":8},"end":{"line":66,"column":20}},"28":{"start":{"line":69,"column":4},"end":{"line":72,"column":5}},"29":{"start":{"line":70,"column":8},"end":{"line":70,"column":140}},"30":{"start":{"line":71,"column":8},"end":{"line":71,"column":20}},"31":{"start":{"line":82,"column":20},"end":{"line":89,"column":5}},"32":{"start":{"line":90,"column":4},"end":{"line":90,"column":75}},"33":{"start":{"line":91,"column":4},"end":{"line":91,"column":19}},"34":{"start":{"line":94,"column":2},"end":{"line":94,"column":60}},"35":{"start":{"line":95,"column":2},"end":{"line":95,"column":14}},"36":{"start":{"line":114,"column":2},"end":{"line":167,"column":3}},"37":{"start":{"line":115,"column":4},"end":{"line":115,"column":155}},"38":{"start":{"line":123,"column":29},"end":{"line":123,"column":88}},"39":{"start":{"line":124,"column":4},"end":{"line":126,"column":5}},"40":{"start":{"line":125,"column":8},"end":{"line":125,"column":85}},"41":{"start":{"line":129,"column":37},"end":{"line":129,"column":94}},"42":{"start":{"line":131,"column":25},"end":{"line":134,"column":5}},"43":{"start":{"line":132,"column":13},"end":{"line":133,"column":55}},"44":{"start":{"line":136,"column":4},"end":{"line":139,"column":5}},"45":{"start":{"line":137,"column":6},"end":{"line":137,"column":149}},"46":{"start":{"line":138,"column":6},"end":{"line":138,"column":120}},"47":{"start":{"line":141,"column":4},"end":{"line":141,"column":124}},"48":{"start":{"line":143,"column":25},"end":{"line":148,"column":6}},"49":{"start":{"line":150,"column":27},"end":{"line":150,"column":88}},"50":{"start":{"line":151,"column":4},"end":{"line":151,"column":53}},"51":{"start":{"line":153,"column":4},"end":{"line":153,"column":116}},"52":{"start":{"line":155,"column":4},"end":{"line":162,"column":6}},"53":{"start":{"line":165,"column":4},"end":{"line":165,"column":101}},"54":{"start":{"line":166,"column":4},"end":{"line":166,"column":109}},"55":{"start":{"line":177,"column":2},"end":{"line":177,"column":48}},"56":{"start":{"line":177,"column":14},"end":{"line":177,"column":48}},"57":{"start":{"line":179,"column":23},"end":{"line":179,"column":63}},"58":{"start":{"line":180,"column":22},"end":{"line":180,"column":91}},"59":{"start":{"line":180,"column":64},"end":{"line":180,"column":79}},"60":{"start":{"line":181,"column":25},"end":{"line":181,"column":51}},"61":{"start":{"line":183,"column":29},"end":{"line":183,"column":70}},"62":{"start":{"line":184,"column":33},"end":{"line":184,"column":66}},"63":{"start":{"line":185,"column":25},"end":{"line":185,"column":62}},"64":{"start":{"line":187,"column":16},"end":{"line":187,"column":76}},"65":{"start":{"line":188,"column":2},"end":{"line":188,"column":67}},"66":{"start":{"line":189,"column":2},"end":{"line":189,"column":79}},"67":{"start":{"line":190,"column":2},"end":{"line":190,"column":62}},"68":{"start":{"line":191,"column":2},"end":{"line":191,"column":70}},"69":{"start":{"line":193,"column":2},"end":{"line":193,"column":25}},"70":{"start":{"line":194,"column":2},"end":{"line":201,"column":3}},"71":{"start":{"line":195,"column":4},"end":{"line":200,"column":7}},"72":{"start":{"line":197,"column":32},"end":{"line":197,"column":116}},"73":{"start":{"line":198,"column":21},"end":{"line":198,"column":100}},"74":{"start":{"line":199,"column":6},"end":{"line":199,"column":56}},"75":{"start":{"line":204,"column":2},"end":{"line":208,"column":3}},"76":{"start":{"line":205,"column":4},"end":{"line":205,"column":60}},"77":{"start":{"line":209,"column":2},"end":{"line":209,"column":17}},"78":{"start":{"line":212,"column":0},"end":{"line":212,"column":80}}},"fnMap":{"0":{"name":"parseMpesaSms","decl":{"start":{"line":16,"column":9},"end":{"line":16,"column":22}},"loc":{"start":{"line":16,"column":32},"end":{"line":96,"column":1}},"line":16},"1":{"name":"recordPaymentToDb","decl":{"start":{"line":113,"column":15},"end":{"line":113,"column":32}},"loc":{"start":{"line":113,"column":113},"end":{"line":168,"column":1}},"line":113},"2":{"name":"(anonymous_2)","decl":{"start":{"line":132,"column":8},"end":{"line":132,"column":9}},"loc":{"start":{"line":132,"column":13},"end":{"line":133,"column":55}},"line":132},"3":{"name":"getBalanceSummaryMessage","decl":{"start":{"line":176,"column":9},"end":{"line":176,"column":33}},"loc":{"start":{"line":176,"column":41},"end":{"line":210,"column":1}},"line":176},"4":{"name":"(anonymous_4)","decl":{"start":{"line":180,"column":59},"end":{"line":180,"column":60}},"loc":{"start":{"line":180,"column":64},"end":{"line":180,"column":79}},"line":180},"5":{"name":"(anonymous_5)","decl":{"start":{"line":195,"column":26},"end":{"line":195,"column":27}},"loc":{"start":{"line":195,"column":36},"end":{"line":200,"column":5}},"line":195}},"branchMap":{"0":{"loc":{"start":{"line":37,"column":4},"end":{"line":40,"column":5}},"type":"if","locations":[{"start":{"line":37,"column":4},"end":{"line":40,"column":5}},{"start":{},"end":{}}],"line":37},"1":{"loc":{"start":{"line":43,"column":2},"end":{"line":92,"column":3}},"type":"if","locations":[{"start":{"line":43,"column":2},"end":{"line":92,"column":3}},{"start":{},"end":{}}],"line":43},"2":{"loc":{"start":{"line":48,"column":4},"end":{"line":67,"column":5}},"type":"switch","locations":[{"start":{"line":49,"column":6},"end":{"line":54,"column":14}},{"start":{"line":55,"column":6},"end":{"line":59,"column":14}},{"start":{"line":60,"column":6},"end":{"line":63,"column":14}},{"start":{"line":64,"column":6},"end":{"line":66,"column":20}}],"line":48},"3":{"loc":{"start":{"line":50,"column":21},"end":{"line":50,"column":66}},"type":"cond-expr","locations":[{"start":{"line":50,"column":32},"end":{"line":50,"column":47}},{"start":{"line":50,"column":50},"end":{"line":50,"column":66}}],"line":50},"4":{"loc":{"start":{"line":51,"column":28},"end":{"line":51,"column":61}},"type":"cond-expr","locations":[{"start":{"line":51,"column":39},"end":{"line":51,"column":54}},{"start":{"line":51,"column":57},"end":{"line":51,"column":61}}],"line":51},"5":{"loc":{"start":{"line":56,"column":21},"end":{"line":56,"column":66}},"type":"cond-expr","locations":[{"start":{"line":56,"column":32},"end":{"line":56,"column":47}},{"start":{"line":56,"column":50},"end":{"line":56,"column":66}}],"line":56},"6":{"loc":{"start":{"line":69,"column":4},"end":{"line":72,"column":5}},"type":"if","locations":[{"start":{"line":69,"column":4},"end":{"line":72,"column":5}},{"start":{},"end":{}}],"line":69},"7":{"loc":{"start":{"line":69,"column":8},"end":{"line":69,"column":51}},"type":"binary-expr","locations":[{"start":{"line":69,"column":8},"end":{"line":69,"column":16}},{"start":{"line":69,"column":20},"end":{"line":69,"column":34}},{"start":{"line":69,"column":38},"end":{"line":69,"column":51}}],"line":69},"8":{"loc":{"start":{"line":124,"column":4},"end":{"line":126,"column":5}},"type":"if","locations":[{"start":{"line":124,"column":4},"end":{"line":126,"column":5}},{"start":{},"end":{}}],"line":124},"9":{"loc":{"start":{"line":132,"column":13},"end":{"line":133,"column":55}},"type":"binary-expr","locations":[{"start":{"line":132,"column":13},"end":{"line":132,"column":80}},{"start":{"line":133,"column":13},"end":{"line":133,"column":55}}],"line":132},"10":{"loc":{"start":{"line":136,"column":4},"end":{"line":139,"column":5}},"type":"if","locations":[{"start":{"line":136,"column":4},"end":{"line":139,"column":5}},{"start":{},"end":{}}],"line":136},"11":{"loc":{"start":{"line":166,"column":38},"end":{"line":166,"column":106}},"type":"binary-expr","locations":[{"start":{"line":166,"column":38},"end":{"line":166,"column":51}},{"start":{"line":166,"column":55},"end":{"line":166,"column":106}}],"line":166},"12":{"loc":{"start":{"line":177,"column":2},"end":{"line":177,"column":48}},"type":"if","locations":[{"start":{"line":177,"column":2},"end":{"line":177,"column":48}},{"start":{},"end":{}}],"line":177},"13":{"loc":{"start":{"line":179,"column":23},"end":{"line":179,"column":63}},"type":"cond-expr","locations":[{"start":{"line":179,"column":39},"end":{"line":179,"column":59}},{"start":{"line":179,"column":62},"end":{"line":179,"column":63}}],"line":179},"14":{"loc":{"start":{"line":180,"column":22},"end":{"line":180,"column":91}},"type":"cond-expr","locations":[{"start":{"line":180,"column":38},"end":{"line":180,"column":87}},{"start":{"line":180,"column":90},"end":{"line":180,"column":91}}],"line":180},"15":{"loc":{"start":{"line":183,"column":29},"end":{"line":183,"column":70}},"type":"binary-expr","locations":[{"start":{"line":183,"column":29},"end":{"line":183,"column":65}},{"start":{"line":183,"column":69},"end":{"line":183,"column":70}}],"line":183},"16":{"loc":{"start":{"line":185,"column":25},"end":{"line":185,"column":62}},"type":"binary-expr","locations":[{"start":{"line":185,"column":25},"end":{"line":185,"column":57}},{"start":{"line":185,"column":61},"end":{"line":185,"column":62}}],"line":185},"17":{"loc":{"start":{"line":187,"column":26},"end":{"line":187,"column":55}},"type":"binary-expr","locations":[{"start":{"line":187,"column":26},"end":{"line":187,"column":36}},{"start":{"line":187,"column":40},"end":{"line":187,"column":55}}],"line":187},"18":{"loc":{"start":{"line":194,"column":2},"end":{"line":201,"column":3}},"type":"if","locations":[{"start":{"line":194,"column":2},"end":{"line":201,"column":3}},{"start":{},"end":{}}],"line":194},"19":{"loc":{"start":{"line":197,"column":32},"end":{"line":197,"column":116}},"type":"cond-expr","locations":[{"start":{"line":197,"column":59},"end":{"line":197,"column":95}},{"start":{"line":197,"column":98},"end":{"line":197,"column":116}}],"line":197},"20":{"loc":{"start":{"line":198,"column":21},"end":{"line":198,"column":100}},"type":"cond-expr","locations":[{"start":{"line":198,"column":44},"end":{"line":198,"column":88}},{"start":{"line":198,"column":91},"end":{"line":198,"column":100}}],"line":198},"21":{"loc":{"start":{"line":204,"column":2},"end":{"line":208,"column":3}},"type":"if","locations":[{"start":{"line":204,"column":2},"end":{"line":208,"column":3}},{"start":{},"end":{}}],"line":204},"22":{"loc":{"start":{"line":204,"column":6},"end":{"line":204,"column":54}},"type":"binary-expr","locations":[{"start":{"line":204,"column":6},"end":{"line":204,"column":34}},{"start":{"line":204,"column":38},"end":{"line":204,"column":54}}],"line":204}},"s":{"0":7,"1":7,"2":7,"3":7,"4":7,"5":19,"6":19,"7":2,"8":2,"9":7,"10":2,"11":2,"12":2,"13":2,"14":1,"15":1,"16":1,"17":1,"18":1,"19":0,"20":0,"21":0,"22":0,"23":1,"24":1,"25":1,"26":0,"27":0,"28":2,"29":0,"30":0,"31":2,"32":2,"33":2,"34":5,"35":5,"36":0,"37":0,"38":0,"39":0,"40":0,"41":0,"42":0,"43":0,"44":0,"45":0,"46":0,"47":0,"48":0,"49":0,"50":0,"51":0,"52":0,"53":0,"54":0,"55":0,"56":0,"57":0,"58":0,"59":0,"60":0,"61":0,"62":0,"63":0,"64":0,"65":0,"66":0,"67":0,"68":0,"69":0,"70":0,"71":0,"72":0,"73":0,"74":0,"75":0,"76":0,"77":0,"78":1},"f":{"0":7,"1":0,"2":0,"3":0,"4":0,"5":0},"b":{"0":[2,17],"1":[2,5],"2":[1,0,1,0],"3":[1,0],"4":[1,0],"5":[0,0],"6":[0,2],"7":[2,2,2],"8":[0,0],"9":[0,0],"10":[0,0],"11":[0,0],"12":[0,0],"13":[0,0],"14":[0,0],"15":[0,0],"16":[0,0],"17":[0,0],"18":[0,0],"19":[0,0],"20":[0,0],"21":[0,0],"22":[0,0]},"_coverageSchema":"1a1c01bbd47fc00a2c39e90264f33305004495a9","hash":"526f6b6af5071c346a3e0062e7c768af35025efa"}
}
