TN:
SF:src/services/chamaService.js
FN:8,createChama
FN:28,(anonymous_1)
FN:37,(anonymous_2)
FN:44,(anonymous_3)
FN:73,findChamaByTreasurer
FN:98,findChamaByMemberPhone
FN:124,getChamaWithMemberPaymentStatus
FNF:7
FNH:6
FNDA:2,createChama
FNDA:3,(anonymous_1)
FNDA:2,(anonymous_2)
FNDA:2,(anonymous_3)
FNDA:2,findChamaByTreasurer
FNDA:0,findChamaByMemberPhone
FNDA:2,getChamaWithMemberPaymentStatus
DA:1,1
DA:9,2
DA:10,2
DA:11,2
DA:14,2
DA:19,2
DA:20,2
DA:22,2
DA:23,0
DA:27,2
DA:28,2
DA:29,3
DA:34,3
DA:36,2
DA:37,2
DA:39,0
DA:43,1
DA:44,1
DA:45,2
DA:49,2
DA:51,1
DA:55,1
DA:56,1
DA:57,1
DA:60,1
DA:61,1
DA:62,1
DA:64,2
DA:74,2
DA:77,2
DA:78,2
DA:79,2
DA:80,1
DA:83,1
DA:84,1
DA:86,1
DA:88,0
DA:89,0
DA:99,0
DA:105,0
DA:106,0
DA:107,0
DA:108,0
DA:109,0
DA:111,0
DA:113,0
DA:114,0
DA:125,2
DA:126,2
DA:143,2
DA:144,2
DA:145,2
DA:146,1
DA:148,1
DA:149,1
DA:152,1
DA:153,1
DA:154,1
DA:156,1
DA:157,1
DA:159,0
DA:160,0
DA:172,1
LF:63
LH:48
BRDA:22,0,0,0
BRDA:22,0,1,2
BRDA:27,1,0,2
BRDA:27,1,1,0
BRDA:27,2,0,2
BRDA:27,2,1,2
BRDA:43,3,0,1
BRDA:43,3,1,0
BRDA:79,4,0,1
BRDA:79,4,1,1
BRDA:107,5,0,0
BRDA:107,5,1,0
BRDA:145,6,0,1
BRDA:145,6,1,1
BRDA:154,7,0,1
BRDA:154,7,1,0
BRF:16
BRH:10
end_of_record
TN:
SF:src/services/mpesaService.js
FN:16,parseMpesaSms
FN:113,recordPaymentToDb
FN:132,(anonymous_2)
FN:176,getBalanceSummaryMessage
FN:180,(anonymous_4)
FN:195,(anonymous_5)
FNF:6
FNH:1
FNDA:7,parseMpesaSms
FNDA:0,recordPaymentToDb
FNDA:0,(anonymous_2)
FNDA:0,getBalanceSummaryMessage
FNDA:0,(anonymous_4)
FNDA:0,(anonymous_5)
DA:17,7
DA:25,7
DA:34,7
DA:35,7
DA:36,19
DA:37,19
DA:38,2
DA:39,2
DA:43,7
DA:44,2
DA:45,2
DA:48,2
DA:50,1
DA:51,1
DA:52,1
DA:53,1
DA:54,1
DA:56,0
DA:57,0
DA:58,0
DA:59,0
DA:61,1
DA:62,1
DA:63,1
DA:65,0
DA:66,0
DA:69,2
DA:70,0
DA:71,0
DA:82,2
DA:90,2
DA:91,2
DA:94,5
DA:95,5
DA:114,0
DA:115,0
DA:123,0
DA:124,0
DA:125,0
DA:129,0
DA:131,0
DA:132,0
DA:136,0
DA:137,0
DA:138,0
DA:141,0
DA:143,0
DA:150,0
DA:151,0
DA:153,0
DA:155,0
DA:165,0
DA:166,0
DA:177,0
DA:179,0
DA:180,0
DA:181,0
DA:183,0
DA:184,0
DA:185,0
DA:187,0
DA:188,0
DA:189,0
DA:190,0
DA:191,0
DA:193,0
DA:194,0
DA:195,0
DA:197,0
DA:198,0
DA:199,0
DA:204,0
DA:205,0
DA:209,0
DA:212,1
LF:75
LH:27
BRDA:37,0,0,2
BRDA:37,0,1,17
BRDA:43,1,0,2
BRDA:43,1,1,5
BRDA:48,2,0,1
BRDA:48,2,1,0
BRDA:48,2,2,1
BRDA:48,2,3,0
BRDA:50,3,0,1
BRDA:50,3,1,0
BRDA:51,4,0,1
BRDA:51,4,1,0
BRDA:56,5,0,0
BRDA:56,5,1,0
BRDA:69,6,0,0
BRDA:69,6,1,2
BRDA:69,7,0,2
BRDA:69,7,1,2
BRDA:69,7,2,2
BRDA:124,8,0,0
BRDA:124,8,1,0
BRDA:132,9,0,0
BRDA:132,9,1,0
BRDA:136,10,0,0
BRDA:136,10,1,0
BRDA:166,11,0,0
BRDA:166,11,1,0
BRDA:177,12,0,0
BRDA:177,12,1,0
BRDA:179,13,0,0
BRDA:179,13,1,0
BRDA:180,14,0,0
BRDA:180,14,1,0
BRDA:183,15,0,0
BRDA:183,15,1,0
BRDA:185,16,0,0
BRDA:185,16,1,0
BRDA:187,17,0,0
BRDA:187,17,1,0
BRDA:194,18,0,0
BRDA:194,18,1,0
BRDA:197,19,0,0
BRDA:197,19,1,0
BRDA:198,20,0,0
BRDA:198,20,1,0
BRDA:204,21,0,0
BRDA:204,21,1,0
BRDA:204,22,0,0
BRDA:204,22,1,0
BRF:49
BRH:12
end_of_record
